 surefire-2.20-debug git:(master) âœ— mvn clean install -s settings.xml -Dmaven.surefire.debug
[INFO] Scanning for projects...
[INFO] 
[INFO] ------------------------------------------------------------------------
[INFO] Building surefire-2_20-debug-reproducer 1.0-SNAPSHOT
[INFO] ------------------------------------------------------------------------
[INFO] 
[INFO] --- maven-clean-plugin:2.5:clean (default-clean) @ surefire-2_20-debug-reproducer ---
[INFO] Deleting /home/psiroky/tmp/surefire-2.20-debug/target
[INFO] 
[INFO] --- maven-resources-plugin:2.6:resources (default-resources) @ surefire-2_20-debug-reproducer ---
[WARNING] Using platform encoding (UTF-8 actually) to copy filtered resources, i.e. build is platform dependent!
[INFO] skip non existing resourceDirectory /home/psiroky/tmp/surefire-2.20-debug/src/main/resources
[INFO] 
[INFO] --- maven-compiler-plugin:3.1:compile (default-compile) @ surefire-2_20-debug-reproducer ---
[INFO] Changes detected - recompiling the module!
[WARNING] File encoding has not been set, using platform encoding UTF-8, i.e. build is platform dependent!
[INFO] Compiling 1 source file to /home/psiroky/tmp/surefire-2.20-debug/target/classes
[INFO] 
[INFO] --- maven-resources-plugin:2.6:testResources (default-testResources) @ surefire-2_20-debug-reproducer ---
[WARNING] Using platform encoding (UTF-8 actually) to copy filtered resources, i.e. build is platform dependent!
[INFO] skip non existing resourceDirectory /home/psiroky/tmp/surefire-2.20-debug/src/test/resources
[INFO] 
[INFO] --- maven-compiler-plugin:3.1:testCompile (default-testCompile) @ surefire-2_20-debug-reproducer ---
[INFO] Changes detected - recompiling the module!
[WARNING] File encoding has not been set, using platform encoding UTF-8, i.e. build is platform dependent!
[INFO] Compiling 2 source files to /home/psiroky/tmp/surefire-2.20-debug/target/test-classes
[INFO] 
[INFO] --- maven-surefire-plugin:2.20:test (default-test) @ surefire-2_20-debug-reproducer ---
[INFO] 
[INFO] -------------------------------------------------------
[INFO]  T E S T S
[INFO] -------------------------------------------------------
[WARNING] Corrupted stdin stream in forked JVM 1. See the dump file /home/psiroky/tmp/surefire-2.20-debug/target/surefire-reports/2017-04-07T10-55-18_947-jvmRun1.dumpstream
[INFO] Running org.test.AppTest
[INFO] Tests run: 1, Failures: 0, Errors: 0, Skipped: 0, Time elapsed: 0.028 s - in org.test.AppTest
[INFO] Running org.test.App2Test
[INFO] Tests run: 1, Failures: 0, Errors: 0, Skipped: 0, Time elapsed: 0 s - in org.test.App2Test
[INFO] 
[INFO] Results:
[INFO] 
[INFO] Tests run: 2, Failures: 0, Errors: 0, Skipped: 0
[INFO] 
[INFO] ------------------------------------------------------------------------
[INFO] BUILD FAILURE
[INFO] ------------------------------------------------------------------------
[INFO] Total time: 10.112 s
[INFO] Finished at: 2017-04-07T10:55:25+02:00
[INFO] Final Memory: 20M/484M
[INFO] ------------------------------------------------------------------------
[ERROR] Failed to execute goal org.apache.maven.plugins:maven-surefire-plugin:2.20:test (default-test) on project surefire-2_20-debug-reproducer: There are test failures.
[ERROR] 
[ERROR] Please refer to /home/psiroky/tmp/surefire-2.20-debug/target/surefire-reports for the individual test results.
[ERROR] Please refer to dump files (if any exist) [date]-jvmRun[N].dump, [date].dumpstream and [date]-jvmRun[N].dumpstream.
[ERROR] ExecutionException The forked VM terminated without properly saying goodbye. VM crash or System.exit called?
[ERROR] Command was /bin/sh -c cd /home/psiroky/tmp/surefire-2.20-debug && /home/_opt/tools/jdk1.8.0_121/jre/bin/java -Xdebug -Xnoagent -Djava.compiler=NONE -Xrunjdwp:transport=dt_socket,server=y,suspend=y,address=5005 -jar /home/psiroky/tmp/surefire-2.20-debug/target/surefire/surefirebooter3525773059614080310.jar /home/psiroky/tmp/surefire-2.20-debug/target/surefire 2017-04-07T10-55-18_947-jvmRun2 surefire6576984928712733498tmp surefire_03287365387141814554tmp
[ERROR] Error occurred in starting fork, check output in log
[ERROR] Process Exit Code: 2
[ERROR] org.apache.maven.surefire.booter.SurefireBooterForkException: ExecutionException The forked VM terminated without properly saying goodbye. VM crash or System.exit called?
[ERROR] Command was /bin/sh -c cd /home/psiroky/tmp/surefire-2.20-debug && /home/_opt/tools/jdk1.8.0_121/jre/bin/java -Xdebug -Xnoagent -Djava.compiler=NONE -Xrunjdwp:transport=dt_socket,server=y,suspend=y,address=5005 -jar /home/psiroky/tmp/surefire-2.20-debug/target/surefire/surefirebooter3525773059614080310.jar /home/psiroky/tmp/surefire-2.20-debug/target/surefire 2017-04-07T10-55-18_947-jvmRun2 surefire6576984928712733498tmp surefire_03287365387141814554tmp
[ERROR] Error occurred in starting fork, check output in log
[ERROR] Process Exit Code: 2
[ERROR] 	at org.apache.maven.plugin.surefire.booterclient.ForkStarter.awaitResultsDone(ForkStarter.java:494)
[ERROR] 	at org.apache.maven.plugin.surefire.booterclient.ForkStarter.runSuitesForkOnceMultiple(ForkStarter.java:369)
[ERROR] 	at org.apache.maven.plugin.surefire.booterclient.ForkStarter.run(ForkStarter.java:292)
[ERROR] 	at org.apache.maven.plugin.surefire.booterclient.ForkStarter.run(ForkStarter.java:243)
[ERROR] 	at org.apache.maven.plugin.surefire.AbstractSurefireMojo.executeProvider(AbstractSurefireMojo.java:1077)
[ERROR] 	at org.apache.maven.plugin.surefire.AbstractSurefireMojo.executeAfterPreconditionsChecked(AbstractSurefireMojo.java:907)
[ERROR] 	at org.apache.maven.plugin.surefire.AbstractSurefireMojo.execute(AbstractSurefireMojo.java:785)
[ERROR] 	at org.apache.maven.plugin.DefaultBuildPluginManager.executeMojo(DefaultBuildPluginManager.java:134)
[ERROR] 	at org.apache.maven.lifecycle.internal.MojoExecutor.execute(MojoExecutor.java:208)
[ERROR] 	at org.apache.maven.lifecycle.internal.MojoExecutor.execute(MojoExecutor.java:154)
[ERROR] 	at org.apache.maven.lifecycle.internal.MojoExecutor.execute(MojoExecutor.java:146)
[ERROR] 	at org.apache.maven.lifecycle.internal.LifecycleModuleBuilder.buildProject(LifecycleModuleBuilder.java:117)
[ERROR] 	at org.apache.maven.lifecycle.internal.LifecycleModuleBuilder.buildProject(LifecycleModuleBuilder.java:81)
[ERROR] 	at org.apache.maven.lifecycle.internal.builder.singlethreaded.SingleThreadedBuilder.build(SingleThreadedBuilder.java:51)
[ERROR] 	at org.apache.maven.lifecycle.internal.LifecycleStarter.execute(LifecycleStarter.java:128)
[ERROR] 	at org.apache.maven.DefaultMaven.doExecute(DefaultMaven.java:309)
[ERROR] 	at org.apache.maven.DefaultMaven.doExecute(DefaultMaven.java:194)
[ERROR] 	at org.apache.maven.DefaultMaven.execute(DefaultMaven.java:107)
[ERROR] 	at org.apache.maven.cli.MavenCli.execute(MavenCli.java:993)
[ERROR] 	at org.apache.maven.cli.MavenCli.doMain(MavenCli.java:345)
[ERROR] 	at org.apache.maven.cli.MavenCli.main(MavenCli.java:191)
[ERROR] 	at sun.reflect.NativeMethodAccessorImpl.invoke0(Native Method)
[ERROR] 	at sun.reflect.NativeMethodAccessorImpl.invoke(NativeMethodAccessorImpl.java:62)
[ERROR] 	at sun.reflect.DelegatingMethodAccessorImpl.invoke(DelegatingMethodAccessorImpl.java:43)
[ERROR] 	at java.lang.reflect.Method.invoke(Method.java:498)
[ERROR] 	at org.codehaus.plexus.classworlds.launcher.Launcher.launchEnhanced(Launcher.java:289)
[ERROR] 	at org.codehaus.plexus.classworlds.launcher.Launcher.launch(Launcher.java:229)
[ERROR] 	at org.codehaus.plexus.classworlds.launcher.Launcher.mainWithExitCode(Launcher.java:415)
[ERROR] 	at org.codehaus.plexus.classworlds.launcher.Launcher.main(Launcher.java:356)
[ERROR] Caused by: org.apache.maven.surefire.booter.SurefireBooterForkException: The forked VM terminated without properly saying goodbye. VM crash or System.exit called?
[ERROR] Command was /bin/sh -c cd /home/psiroky/tmp/surefire-2.20-debug && /home/_opt/tools/jdk1.8.0_121/jre/bin/java -Xdebug -Xnoagent -Djava.compiler=NONE -Xrunjdwp:transport=dt_socket,server=y,suspend=y,address=5005 -jar /home/psiroky/tmp/surefire-2.20-debug/target/surefire/surefirebooter3525773059614080310.jar /home/psiroky/tmp/surefire-2.20-debug/target/surefire 2017-04-07T10-55-18_947-jvmRun2 surefire6576984928712733498tmp surefire_03287365387141814554tmp
[ERROR] Error occurred in starting fork, check output in log
[ERROR] Process Exit Code: 2
[ERROR] 	at org.apache.maven.plugin.surefire.booterclient.ForkStarter.fork(ForkStarter.java:679)
[ERROR] 	at org.apache.maven.plugin.surefire.booterclient.ForkStarter.fork(ForkStarter.java:533)
[ERROR] 	at org.apache.maven.plugin.surefire.booterclient.ForkStarter.access$600(ForkStarter.java:117)
[ERROR] 	at org.apache.maven.plugin.surefire.booterclient.ForkStarter$1.call(ForkStarter.java:363)
[ERROR] 	at org.apache.maven.plugin.surefire.booterclient.ForkStarter$1.call(ForkStarter.java:342)
[ERROR] 	at java.util.concurrent.FutureTask.run(FutureTask.java:266)
[ERROR] 	at java.util.concurrent.ThreadPoolExecutor.runWorker(ThreadPoolExecutor.java:1142)
[ERROR] 	at java.util.concurrent.ThreadPoolExecutor$Worker.run(ThreadPoolExecutor.java:617)
[ERROR] 	at java.lang.Thread.run(Thread.java:745)
[ERROR] 
[ERROR] -> [Help 1]
[ERROR] 
[ERROR] To see the full stack trace of the errors, re-run Maven with the -e switch.
[ERROR] Re-run Maven using the -X switch to enable full debug logging.
[ERROR] 
[ERROR] For more information about the errors and possible solutions, please read the following articles:
[ERROR] [Help 1] http://cwiki.apache.org/confluence/display/MAVEN/MojoExecutionException
